Using pre-set license
Built from '6000.0/staging' branch; Version is '6000.0.42f1 (feb9a7235030) revision 16693671'; Using compiler version '193933523'; Build Type 'Release'
OS: 'Windows 11  (10.0.26100) 64bit Core' Language: 'en' Physical Memory: 31849 MB
BatchMode: 1, IsHumanControllingUs: 0, StartBugReporterOnCrash: 0, Is64bit: 1, IsPro: 1

COMMAND LINE ARGUMENTS:
C:\Program Files\Unity\Hub\Editor\6000.0.42f1\Editor\Unity.exe
-adb2
-batchMode
-noUpm
-name
AssetImportWorker3
-projectPath
C:/Users/Kaiem/Documents/GitHub/Soul/Game
-logFile
Logs/AssetImportWorker3.log
-srvPort
52692
-job-worker-count
7
-background-job-worker-count
8
-gc-helper-count
1
Successfully changed project path to: C:/Users/Kaiem/Documents/GitHub/Soul/Game
C:/Users/Kaiem/Documents/GitHub/Soul/Game
[UnityMemory] Configuration Parameters - Can be set up in boot.config
    "memorysetup-bucket-allocator-granularity=16"
    "memorysetup-bucket-allocator-bucket-count=8"
    "memorysetup-bucket-allocator-block-size=33554432"
    "memorysetup-bucket-allocator-block-count=8"
    "memorysetup-main-allocator-block-size=16777216"
    "memorysetup-thread-allocator-block-size=16777216"
    "memorysetup-gfx-main-allocator-block-size=16777216"
    "memorysetup-gfx-thread-allocator-block-size=16777216"
    "memorysetup-cache-allocator-block-size=4194304"
    "memorysetup-typetree-allocator-block-size=2097152"
    "memorysetup-profiler-bucket-allocator-granularity=16"
    "memorysetup-profiler-bucket-allocator-bucket-count=8"
    "memorysetup-profiler-bucket-allocator-block-size=33554432"
    "memorysetup-profiler-bucket-allocator-block-count=8"
    "memorysetup-profiler-allocator-block-size=16777216"
    "memorysetup-profiler-editor-allocator-block-size=1048576"
    "memorysetup-temp-allocator-size-main=16777216"
    "memorysetup-job-temp-allocator-block-size=2097152"
    "memorysetup-job-temp-allocator-block-size-background=1048576"
    "memorysetup-job-temp-allocator-reduction-small-platforms=262144"
    "memorysetup-allocator-temp-initial-block-size-main=262144"
    "memorysetup-allocator-temp-initial-block-size-worker=262144"
    "memorysetup-temp-allocator-size-background-worker=32768"
    "memorysetup-temp-allocator-size-job-worker=262144"
    "memorysetup-temp-allocator-size-preload-manager=33554432"
    "memorysetup-temp-allocator-size-nav-mesh-worker=65536"
    "memorysetup-temp-allocator-size-audio-worker=65536"
    "memorysetup-temp-allocator-size-cloud-worker=32768"
    "memorysetup-temp-allocator-size-gi-baking-worker=262144"
    "memorysetup-temp-allocator-size-gi-baking-worker=262144"
    "memorysetup-temp-allocator-size-gi-baking-worker=262144"
    "memorysetup-temp-allocator-size-gi-baking-worker=262144"
    "memorysetup-temp-allocator-size-gi-baking-worker=262144"
    "memorysetup-temp-allocator-size-gfx=262144"
Player connection [12252]  Target information:

Player connection [12252]  * "[IP] 192.168.0.181 [Port] 0 [Flags] 2 [Guid] 2382532175 [EditorId] 2382532175 [Version] 1048832 [Id] WindowsEditor(7,RIG) [Debug] 1 [PackageName] WindowsEditor [ProjectName] Editor" 

Player connection [12252] Host joined multi-casting on [225.0.0.222:54997]...
Player connection [12252] Host joined alternative multi-casting on [225.0.0.222:34997]...
JobSystem: Creating JobQueue using job-worker-count value 7
Input System module state changed to: Initialized.
[Physics::Module] Initialized fallback backend.
[Physics::Module] Id: 0xdecafbad
Library Redirect Path: Library/
[Physics::Module] Selected backend.
[Physics::Module] Name: PhysX
[Physics::Module] Id: 0xf2b8ea05
[Physics::Module] SDK Version: 4.1.2
[Physics::Module] Integration Version: 1.0.0
[Physics::Module] Threading Mode: Multi-Threaded
Refreshing native plugins compatible for Editor in 2.44 ms, found 4 plugins.
Preloading 0 native plugins for Editor in 0.00 ms.
Initialize engine version: 6000.0.42f1 (feb9a7235030)
[Subsystems] Discovering subsystems at path C:/Program Files/Unity/Hub/Editor/6000.0.42f1/Editor/Data/Resources/UnitySubsystems
[Subsystems] Discovering subsystems at path C:/Users/Kaiem/Documents/GitHub/Soul/Game/Assets
GfxDevice: creating device client; kGfxThreadingModeNonThreaded
Direct3D:
    Version:  Direct3D 11.0 [level 11.1]
    Renderer: NVIDIA GeForce RTX 4070 Ti SUPER (ID=0x2705)
    Vendor:   NVIDIA
    VRAM:     16063 MB
    Driver:   32.0.15.7270
Initialize mono
Mono path[0] = 'C:/Program Files/Unity/Hub/Editor/6000.0.42f1/Editor/Data/Managed'
Mono path[1] = 'C:/Program Files/Unity/Hub/Editor/6000.0.42f1/Editor/Data/MonoBleedingEdge/lib/mono/unityjit-win32'
Mono config path = 'C:/Program Files/Unity/Hub/Editor/6000.0.42f1/Editor/Data/MonoBleedingEdge/etc'
Using monoOptions --debugger-agent=transport=dt_socket,embedding=1,server=y,suspend=n,address=127.0.0.1:56020
Begin MonoManager ReloadAssembly
Registering precompiled unity dll's ...
Register platform support module: C:/Program Files/Unity/Hub/Editor/6000.0.42f1/Editor/Data/PlaybackEngines/WebGLSupport/UnityEditor.WebGL.Extensions.dll
Register platform support module: C:/Program Files/Unity/Hub/Editor/6000.0.42f1/Editor/Data/PlaybackEngines/WindowsStandaloneSupport/UnityEditor.WindowsStandalone.Extensions.dll
Registered in 0.002884 seconds.
- Loaded All Assemblies, in  0.270 seconds
Native extension for WindowsStandalone target not found
Native extension for WebGL target not found
Mono: successfully reloaded assembly
- Finished resetting the current domain, in  0.240 seconds
Domain Reload Profiling: 508ms
	BeginReloadAssembly (100ms)
		ExecutionOrderSort (0ms)
		DisableScriptedObjects (0ms)
		BackupInstance (0ms)
		ReleaseScriptingObjects (0ms)
		CreateAndSetChildDomain (1ms)
	RebuildCommonClasses (26ms)
	RebuildNativeTypeToScriptingClass (8ms)
	initialDomainReloadingComplete (33ms)
	LoadAllAssembliesAndSetupDomain (101ms)
		LoadAssemblies (98ms)
		RebuildTransferFunctionScriptingTraits (0ms)
		AnalyzeDomain (98ms)
			TypeCache.Refresh (97ms)
				TypeCache.ScanAssembly (88ms)
			BuildScriptInfoCaches (0ms)
			ResolveRequiredComponents (0ms)
	FinalizeReload (241ms)
		ReleaseScriptCaches (0ms)
		RebuildScriptCaches (0ms)
		SetupLoadedEditorAssemblies (209ms)
			LogAssemblyErrors (0ms)
			InitializePlatformSupportModulesInManaged (15ms)
			SetLoadedEditorAssemblies (3ms)
			BeforeProcessingInitializeOnLoad (38ms)
			ProcessInitializeOnLoadAttributes (113ms)
			ProcessInitializeOnLoadMethodAttributes (40ms)
			AfterProcessingInitializeOnLoad (0ms)
			EditorAssembliesLoaded (0ms)
		ExecutionOrderSort2 (0ms)
		AwakeInstancesAfterBackupRestoration (0ms)
Assembly reference Packages/com.unity.cinemachine/Editor/Samples/ExposeHDRPInternals/HDRP-Editor-ref.asmref has no target assembly definition
========================================================================
Worker process is ready to serve import requests
Import Worker Mode flag is 0x00
Assembly reference Packages/com.unity.cinemachine/Editor/Samples/ExposeHDRPInternals/HDRP-Editor-ref.asmref has no target assembly definition
Assembly reference Packages/com.unity.cinemachine/Editor/Samples/ExposeHDRPInternals/HDRP-Editor-ref.asmref has no target assembly definition
Begin MonoManager ReloadAssembly
- Loaded All Assemblies, in  0.615 seconds
Assembly reference Packages/com.unity.cinemachine/Editor/Samples/ExposeHDRPInternals/HDRP-Editor-ref.asmref has no target assembly definition
'Packages/com.unity.cinemachine/Editor/Obsolete/CinemachineVirtualCameraBaseEditor.cs' contains partial class of Unity.Object, exactly 1 of the partial classes needs to be in a file with the same filename. This is to know the one that can be referenced from ie. GameObjects
'Packages/com.unity.cinemachine/Editor/Editors/CinemachineVirtualCameraBaseEditor.cs' contains partial class of Unity.Object, exactly 1 of the partial classes needs to be in a file with the same filename. This is to know the one that can be referenced from ie. GameObjects
Refreshing native plugins compatible for Editor in 1.11 ms, found 4 plugins.
Native extension for WindowsStandalone target not found
Native extension for WebGL target not found
Assembly reference Packages/com.unity.cinemachine/Editor/Samples/ExposeHDRPInternals/HDRP-Editor-ref.asmref has no target assembly definition
Package Manager log level set to [2]
[Package Manager] Failed to launch server process. Reason: Unity was launched with the -noUpm command-line argument
[Package Manager] Unable to send message (not connected to server process).
[Package Manager] Cannot connect to Unity Package Manager local server
Mono: successfully reloaded assembly
- Finished resetting the current domain, in  0.587 seconds
Domain Reload Profiling: 1194ms
	BeginReloadAssembly (122ms)
		ExecutionOrderSort (0ms)
		DisableScriptedObjects (4ms)
		BackupInstance (0ms)
		ReleaseScriptingObjects (0ms)
		CreateAndSetChildDomain (23ms)
	RebuildCommonClasses (25ms)
	RebuildNativeTypeToScriptingClass (8ms)
	initialDomainReloadingComplete (28ms)
	LoadAllAssembliesAndSetupDomain (423ms)
		LoadAssemblies (303ms)
		RebuildTransferFunctionScriptingTraits (0ms)
		AnalyzeDomain (190ms)
			TypeCache.Refresh (139ms)
				TypeCache.ScanAssembly (128ms)
			BuildScriptInfoCaches (41ms)
			ResolveRequiredComponents (7ms)
	FinalizeReload (588ms)
		ReleaseScriptCaches (0ms)
		RebuildScriptCaches (0ms)
		SetupLoadedEditorAssemblies (470ms)
			LogAssemblyErrors (0ms)
			InitializePlatformSupportModulesInManaged (2ms)
			SetLoadedEditorAssemblies (2ms)
			BeforeProcessingInitializeOnLoad (99ms)
			ProcessInitializeOnLoadAttributes (274ms)
			ProcessInitializeOnLoadMethodAttributes (87ms)
			AfterProcessingInitializeOnLoad (4ms)
			EditorAssembliesLoaded (0ms)
		ExecutionOrderSort2 (0ms)
		AwakeInstancesAfterBackupRestoration (4ms)
Launched and connected shader compiler UnityShaderCompiler.exe after 0.07 seconds
Refreshing native plugins compatible for Editor in 1.89 ms, found 4 plugins.
Preloading 0 native plugins for Editor in 0.00 ms.
Unloading 208 Unused Serialized files (Serialized files now loaded: 0)
Unloading 6965 unused Assets / (7.5 MB). Loaded Objects now: 7609.
Memory consumption went from 172.7 MB to 165.2 MB.
Total: 12.277100 ms (FindLiveObjects: 1.068500 ms CreateObjectMapping: 0.837900 ms MarkObjects: 6.333900 ms  DeleteObjects: 4.036100 ms)

========================================================================
Received Import Request.
  Time since last request: 75589.258105 seconds.
  path: Assets/Mighty Heroes (Rogue) 2D Fantasy Characters Pack/Rogue/Rogue_leg_l_06.png
  artifactKey: Guid(0038d4b0669b99846b9be93321f9d7a4) Importer(815301076,1909f56bfc062723c751e8b465ee728b)
Start importing Assets/Mighty Heroes (Rogue) 2D Fantasy Characters Pack/Rogue/Rogue_leg_l_06.png using Guid(0038d4b0669b99846b9be93321f9d7a4) Importer(815301076,1909f56bfc062723c751e8b465ee728b) (PreviewImporter) -> (artifact id: 'c91bb1f765dd44639523a5557f84b464') in 0.0816525 seconds
Number of updated asset objects reloaded before import = 0Number of asset objects unloaded after import = 3

========================================================================
Received Import Request.
  Time since last request: 0.000015 seconds.
  path: Assets/Mighty Heroes (Rogue) 2D Fantasy Characters Pack/Rogue/Rogue_leg_r_01.png
  artifactKey: Guid(7b78357522a34d64bb8775b962b0deb0) Importer(815301076,1909f56bfc062723c751e8b465ee728b)
Start importing Assets/Mighty Heroes (Rogue) 2D Fantasy Characters Pack/Rogue/Rogue_leg_r_01.png using Guid(7b78357522a34d64bb8775b962b0deb0) Importer(815301076,1909f56bfc062723c751e8b465ee728b) (PreviewImporter) -> (artifact id: '8b57a5c43729efc5ca8edeb56da971dc') in 0.0104817 seconds
Number of updated asset objects reloaded before import = 0Number of asset objects unloaded after import = 3

========================================================================
Received Import Request.
  Time since last request: 0.000010 seconds.
  path: Assets/Mighty Heroes (Rogue) 2D Fantasy Characters Pack/Weapons/Rogue_weapon_004.png
  artifactKey: Guid(c2f0536a0535f2d48842f8525beb4bb6) Importer(815301076,1909f56bfc062723c751e8b465ee728b)
Start importing Assets/Mighty Heroes (Rogue) 2D Fantasy Characters Pack/Weapons/Rogue_weapon_004.png using Guid(c2f0536a0535f2d48842f8525beb4bb6) Importer(815301076,1909f56bfc062723c751e8b465ee728b) (PreviewImporter) -> (artifact id: '49649e0eb03a7392e310e9fe73303141') in 0.0097835 seconds
Number of updated asset objects reloaded before import = 0Number of asset objects unloaded after import = 3

========================================================================
Received Import Request.
  Time since last request: 0.000014 seconds.
  path: Assets/Mighty Heroes (Rogue) 2D Fantasy Characters Pack/Rogue/Rogue_elbow_l_01.png
  artifactKey: Guid(48ecbe245379f214497aae538fe1d4f3) Importer(815301076,1909f56bfc062723c751e8b465ee728b)
Start importing Assets/Mighty Heroes (Rogue) 2D Fantasy Characters Pack/Rogue/Rogue_elbow_l_01.png using Guid(48ecbe245379f214497aae538fe1d4f3) Importer(815301076,1909f56bfc062723c751e8b465ee728b) (PreviewImporter) -> (artifact id: '37c1de2f5adf90eaf536ff6018dc9c17') in 0.0100612 seconds
Number of updated asset objects reloaded before import = 0Number of asset objects unloaded after import = 3

========================================================================
Received Import Request.
  Time since last request: 0.000010 seconds.
  path: Assets/Mighty Heroes (Rogue) 2D Fantasy Characters Pack/Weapons/Rogue_weapon_02.png
  artifactKey: Guid(0a4a3c212d77eb243aeaac660261fb0f) Importer(815301076,1909f56bfc062723c751e8b465ee728b)
Start importing Assets/Mighty Heroes (Rogue) 2D Fantasy Characters Pack/Weapons/Rogue_weapon_02.png using Guid(0a4a3c212d77eb243aeaac660261fb0f) Importer(815301076,1909f56bfc062723c751e8b465ee728b) (PreviewImporter) -> (artifact id: '7bf73c3c559eea88f27fa818e3d79a61') in 0.0095344 seconds
Number of updated asset objects reloaded before import = 0Number of asset objects unloaded after import = 3

========================================================================
Received Import Request.
  Time since last request: 0.000016 seconds.
  path: Assets/Mighty Heroes (Rogue) 2D Fantasy Characters Pack/Rogue/Rogue_shoulder_l_03.png
  artifactKey: Guid(805906b1206aa944b99385aa2c600d2f) Importer(815301076,1909f56bfc062723c751e8b465ee728b)
Start importing Assets/Mighty Heroes (Rogue) 2D Fantasy Characters Pack/Rogue/Rogue_shoulder_l_03.png using Guid(805906b1206aa944b99385aa2c600d2f) Importer(815301076,1909f56bfc062723c751e8b465ee728b) (PreviewImporter) -> (artifact id: '6b409d68ca48e7a7691efb8c6fb2f4d3') in 0.0094303 seconds
Number of updated asset objects reloaded before import = 0Number of asset objects unloaded after import = 3

========================================================================
Received Import Request.
  Time since last request: 0.000017 seconds.
  path: Assets/Mighty Heroes (Rogue) 2D Fantasy Characters Pack/Rogue/Rogue_wrist_r_01.png
  artifactKey: Guid(661842e23ba86e34abbf52c56c321411) Importer(815301076,1909f56bfc062723c751e8b465ee728b)
Start importing Assets/Mighty Heroes (Rogue) 2D Fantasy Characters Pack/Rogue/Rogue_wrist_r_01.png using Guid(661842e23ba86e34abbf52c56c321411) Importer(815301076,1909f56bfc062723c751e8b465ee728b) (PreviewImporter) -> (artifact id: 'f8c3ac538aefc7d0a750046b23680a18') in 0.0104889 seconds
Number of updated asset objects reloaded before import = 0Number of asset objects unloaded after import = 3

========================================================================
Received Import Request.
  Time since last request: 0.000009 seconds.
  path: Assets/Mighty Heroes (Rogue) 2D Fantasy Characters Pack/Rogue/Rogue_leg_r_03.png
  artifactKey: Guid(3cf87d879b214174ea666233f56d905e) Importer(815301076,1909f56bfc062723c751e8b465ee728b)
Start importing Assets/Mighty Heroes (Rogue) 2D Fantasy Characters Pack/Rogue/Rogue_leg_r_03.png using Guid(3cf87d879b214174ea666233f56d905e) Importer(815301076,1909f56bfc062723c751e8b465ee728b) (PreviewImporter) -> (artifact id: '663dc628b1a93365cddc260cdddf01d6') in 0.009128 seconds
Number of updated asset objects reloaded before import = 0Number of asset objects unloaded after import = 3

========================================================================
Received Import Request.
  Time since last request: 0.000010 seconds.
  path: Assets/Mighty Heroes (Rogue) 2D Fantasy Characters Pack/Rogue/Rogue_shoulder_r_03.png
  artifactKey: Guid(9fe981f3e80b99e429e4399b985d07f4) Importer(815301076,1909f56bfc062723c751e8b465ee728b)
Start importing Assets/Mighty Heroes (Rogue) 2D Fantasy Characters Pack/Rogue/Rogue_shoulder_r_03.png using Guid(9fe981f3e80b99e429e4399b985d07f4) Importer(815301076,1909f56bfc062723c751e8b465ee728b) (PreviewImporter) -> (artifact id: '9ba849585178f3e3c3c3a62699d2d56b') in 0.0096536 seconds
Number of updated asset objects reloaded before import = 0Number of asset objects unloaded after import = 3

========================================================================
Received Import Request.
  Time since last request: 0.000011 seconds.
  path: Assets/Mighty Heroes (Rogue) 2D Fantasy Characters Pack/Rogue/Rogue_torso_05.png
  artifactKey: Guid(fff248787aa9dc44d819b77a6686c0af) Importer(815301076,1909f56bfc062723c751e8b465ee728b)
Start importing Assets/Mighty Heroes (Rogue) 2D Fantasy Characters Pack/Rogue/Rogue_torso_05.png using Guid(fff248787aa9dc44d819b77a6686c0af) Importer(815301076,1909f56bfc062723c751e8b465ee728b) (PreviewImporter) -> (artifact id: '7a7588dfb46eab1b4b795c35bb1167e4') in 0.0087207 seconds
Number of updated asset objects reloaded before import = 0Number of asset objects unloaded after import = 3

========================================================================
Received Import Request.
  Time since last request: 0.000011 seconds.
  path: Assets/Mighty Heroes (Rogue) 2D Fantasy Characters Pack/Rogue/Rogue_shoulder_l_06.png
  artifactKey: Guid(e4c8d3fb89489fc4684fb809362e237c) Importer(815301076,1909f56bfc062723c751e8b465ee728b)
Start importing Assets/Mighty Heroes (Rogue) 2D Fantasy Characters Pack/Rogue/Rogue_shoulder_l_06.png using Guid(e4c8d3fb89489fc4684fb809362e237c) Importer(815301076,1909f56bfc062723c751e8b465ee728b) (PreviewImporter) -> (artifact id: '09ced05c6d5dba12add9606d49743afe') in 0.0089062 seconds
Number of updated asset objects reloaded before import = 0Number of asset objects unloaded after import = 3

========================================================================
Received Import Request.
  Time since last request: 0.000011 seconds.
  path: Assets/Mighty Heroes (Rogue) 2D Fantasy Characters Pack/Weapons/Rogue_weapon_001.png
  artifactKey: Guid(a67dcd548e2cfcc40b0c865c7461e835) Importer(815301076,1909f56bfc062723c751e8b465ee728b)
Start importing Assets/Mighty Heroes (Rogue) 2D Fantasy Characters Pack/Weapons/Rogue_weapon_001.png using Guid(a67dcd548e2cfcc40b0c865c7461e835) Importer(815301076,1909f56bfc062723c751e8b465ee728b) (PreviewImporter) -> (artifact id: '53ada0f832749e77c6468a8b6387ebd0') in 0.0113542 seconds
Number of updated asset objects reloaded before import = 0Number of asset objects unloaded after import = 3

========================================================================
Received Import Request.
  Time since last request: 0.000009 seconds.
  path: Assets/Mighty Heroes (Rogue) 2D Fantasy Characters Pack/Rogue/Rogue_boot_r_05.png
  artifactKey: Guid(debc4edcc117abe4f8600caca642318f) Importer(815301076,1909f56bfc062723c751e8b465ee728b)
Start importing Assets/Mighty Heroes (Rogue) 2D Fantasy Characters Pack/Rogue/Rogue_boot_r_05.png using Guid(debc4edcc117abe4f8600caca642318f) Importer(815301076,1909f56bfc062723c751e8b465ee728b) (PreviewImporter) -> (artifact id: '00c0ac5a8d57a4c1ebe73640e3413e91') in 0.0101034 seconds
Number of updated asset objects reloaded before import = 0Number of asset objects unloaded after import = 3

========================================================================
Received Import Request.
  Time since last request: 0.000011 seconds.
  path: Assets/Mighty Heroes (Rogue) 2D Fantasy Characters Pack/Rogue/Rogue_elbow_r_05.png
  artifactKey: Guid(c8246436787abd045a65c5d246ef4344) Importer(815301076,1909f56bfc062723c751e8b465ee728b)
Start importing Assets/Mighty Heroes (Rogue) 2D Fantasy Characters Pack/Rogue/Rogue_elbow_r_05.png using Guid(c8246436787abd045a65c5d246ef4344) Importer(815301076,1909f56bfc062723c751e8b465ee728b) (PreviewImporter) -> (artifact id: '8a67d5f8379199d5eb8f635f8382e792') in 0.01457 seconds
Number of updated asset objects reloaded before import = 0Number of asset objects unloaded after import = 3

========================================================================
Received Import Request.
  Time since last request: 0.000013 seconds.
  path: Assets/Mighty Heroes (Rogue) 2D Fantasy Characters Pack/Rogue/Rogue_boot_l_01.png
  artifactKey: Guid(6fa8902135d83ff49a376c05761b61d4) Importer(815301076,1909f56bfc062723c751e8b465ee728b)
Start importing Assets/Mighty Heroes (Rogue) 2D Fantasy Characters Pack/Rogue/Rogue_boot_l_01.png using Guid(6fa8902135d83ff49a376c05761b61d4) Importer(815301076,1909f56bfc062723c751e8b465ee728b) (PreviewImporter) -> (artifact id: 'eb8e3dde8e09b62cd4b766aac6433dd5') in 0.0123117 seconds
Number of updated asset objects reloaded before import = 0Number of asset objects unloaded after import = 3

========================================================================
Received Import Request.
  Time since last request: 0.000018 seconds.
  path: Assets/Mighty Heroes (Rogue) 2D Fantasy Characters Pack/Rogue/Rogue_elbow_l_02.png
  artifactKey: Guid(3a94b1e5121a110479590d1d60ce75f0) Importer(815301076,1909f56bfc062723c751e8b465ee728b)
Start importing Assets/Mighty Heroes (Rogue) 2D Fantasy Characters Pack/Rogue/Rogue_elbow_l_02.png using Guid(3a94b1e5121a110479590d1d60ce75f0) Importer(815301076,1909f56bfc062723c751e8b465ee728b) (PreviewImporter) -> (artifact id: 'f10914d53c0d28a708d4db400365d219') in 0.0113466 seconds
Number of updated asset objects reloaded before import = 0Number of asset objects unloaded after import = 3

========================================================================
Received Import Request.
  Time since last request: 0.000012 seconds.
  path: Assets/Mighty Heroes (Rogue) 2D Fantasy Characters Pack/Weapons/Rogue_weapon_03.png
  artifactKey: Guid(ac0dddbcfbe1ac846ab5ba58507ed979) Importer(815301076,1909f56bfc062723c751e8b465ee728b)
Start importing Assets/Mighty Heroes (Rogue) 2D Fantasy Characters Pack/Weapons/Rogue_weapon_03.png using Guid(ac0dddbcfbe1ac846ab5ba58507ed979) Importer(815301076,1909f56bfc062723c751e8b465ee728b) (PreviewImporter) -> (artifact id: '2e7d86cf2fbbfd893e0a459bf5d50a21') in 0.0099337 seconds
Number of updated asset objects reloaded before import = 0Number of asset objects unloaded after import = 3

========================================================================
Received Import Request.
  Time since last request: 0.000010 seconds.
  path: Assets/Mighty Heroes (Rogue) 2D Fantasy Characters Pack/Rogue/Rogue_boot_l_05.png
  artifactKey: Guid(e97e92bbd1093e044ab575af7f9999e9) Importer(815301076,1909f56bfc062723c751e8b465ee728b)
Start importing Assets/Mighty Heroes (Rogue) 2D Fantasy Characters Pack/Rogue/Rogue_boot_l_05.png using Guid(e97e92bbd1093e044ab575af7f9999e9) Importer(815301076,1909f56bfc062723c751e8b465ee728b) (PreviewImporter) -> (artifact id: '0dfa619538bc82c78049756e4133f67f') in 0.0118517 seconds
Number of updated asset objects reloaded before import = 0Number of asset objects unloaded after import = 3

========================================================================
Received Import Request.
  Time since last request: 0.000009 seconds.
  path: Assets/Mighty Heroes (Rogue) 2D Fantasy Characters Pack/Weapons/Rogue_weapon_06.png
  artifactKey: Guid(37e05d8dcd5e386498e75d924efbc7c1) Importer(815301076,1909f56bfc062723c751e8b465ee728b)
Start importing Assets/Mighty Heroes (Rogue) 2D Fantasy Characters Pack/Weapons/Rogue_weapon_06.png using Guid(37e05d8dcd5e386498e75d924efbc7c1) Importer(815301076,1909f56bfc062723c751e8b465ee728b) (PreviewImporter) -> (artifact id: '9f6469cc2307bcdc56f7a944a0101e3d') in 0.0112102 seconds
Number of updated asset objects reloaded before import = 0Number of asset objects unloaded after import = 3

========================================================================
Received Import Request.
  Time since last request: 0.000010 seconds.
  path: Assets/Mighty Heroes (Rogue) 2D Fantasy Characters Pack/Rogue/Rogue_face_02.png
  artifactKey: Guid(8e016bdb4d00e70429de56b91135940c) Importer(815301076,1909f56bfc062723c751e8b465ee728b)
Start importing Assets/Mighty Heroes (Rogue) 2D Fantasy Characters Pack/Rogue/Rogue_face_02.png using Guid(8e016bdb4d00e70429de56b91135940c) Importer(815301076,1909f56bfc062723c751e8b465ee728b) (PreviewImporter) -> (artifact id: 'e571fe1dbf02cf91f55b9a2a3086ceac') in 0.0136631 seconds
Number of updated asset objects reloaded before import = 0Number of asset objects unloaded after import = 3

Editor requested this worker to shutdown with reason: Scaling down because of idle timeout
AssetImportWorker is now disconnected from the server
Process exiting
Exiting without the bug reporter. Application will terminate with return code 0